2018-09-12 10:06:26 INFO  OccupationServiceTest:28 - Starting occupation add test.
2018-09-12 10:06:28 ERROR OccupationDaoJDBC:98 - Failure inserting new occupation!
2018-09-12 16:03:43 INFO  OccupationServiceTest:28 - Starting occupation add test.
2018-09-12 16:03:44 ERROR OccupationDaoJDBC:98 - Failure inserting new occupation!
2018-09-12 16:06:45 INFO  OccupationServiceTest:28 - Starting occupation add test.
2018-09-12 16:06:45 ERROR OccupationDaoJDBC:98 - Failure inserting new occupation!
2018-09-12 16:20:42 ERROR OccupationDaoJDBC:60 - Failure searching all occupations
2018-09-12 16:52:45 ERROR OccupationDaoJDBC:98 - Failure inserting new occupation!
2018-09-12 16:56:35 INFO  OccupationServiceTest:28 - Starting occupation add test.
2018-09-12 16:56:35 INFO  OccupationServiceTest:50 - Finishing the test...
2018-09-12 17:04:29 INFO  OccupationServiceTest:28 - Starting occupation add test.
2018-09-12 17:04:30 INFO  OccupationServiceTest:50 - Finishing the test...
2018-09-12 17:28:07 INFO  OccupationServiceTest:93 - Starting occupation add test.
2018-09-12 17:28:08 INFO  OccupationServiceTest:113 - Add new list empty
2018-09-12 17:29:10 INFO  OccupationServiceTest:93 - Starting occupation add test.
2018-09-12 17:29:10 INFO  OccupationServiceTest:113 - Add new list empty
2018-09-12 17:29:48 INFO  OccupationServiceTest:93 - Starting occupation add test.
2018-09-12 17:29:48 INFO  OccupationServiceTest:113 - Add new list empty
2018-09-12 19:01:47 INFO  OccupationServiceTest:133 - Starting occupation add test.
2018-09-12 19:01:48 ERROR OccupationDaoJDBC:136 - Failure 1 inserting new occupation!
2018-09-12 19:02:14 INFO  OccupationServiceTest:133 - Starting occupation add test.
2018-09-12 19:02:14 ERROR OccupationDaoJDBC:136 - Failure 1 inserting new occupation!
2018-09-12 19:04:44 INFO  OccupationServiceTest:133 - Starting occupation add test.
2018-09-12 19:04:44 ERROR OccupationDaoJDBC:137 - Failure 1 inserting new occupation!
2018-09-12 19:05:16 INFO  OccupationServiceTest:133 - Starting occupation add test.
2018-09-12 19:05:16 ERROR OccupationDaoJDBC:137 - Failure 1 inserting new occupation!
2018-09-12 19:05:43 INFO  OccupationServiceTest:133 - Starting occupation add test.
2018-09-12 19:05:43 ERROR OccupationDaoJDBC:142 - Failure 2 inserting new occupation!
2018-09-12 19:06:37 INFO  OccupationServiceTest:133 - Starting occupation add test.
2018-09-12 19:06:37 ERROR OccupationDaoJDBC:142 - Failure 2 inserting new occupation!
2018-09-12 19:08:09 INFO  OccupationServiceTest:133 - Starting occupation add test.
2018-09-12 19:08:09 ERROR OccupationDaoJDBC:142 - Failure 2 inserting new occupation!
2018-09-12 19:08:20 INFO  OccupationServiceTest:133 - Starting occupation add test.
2018-09-12 19:08:20 ERROR OccupationDaoJDBC:142 - Failure 2 inserting new occupation!
2018-09-12 19:08:30 INFO  OccupationServiceTest:133 - Starting occupation add test.
2018-09-12 19:08:30 ERROR OccupationDaoJDBC:142 - Failure 2 inserting new occupation!
2018-09-12 19:18:04 INFO  OccupationServiceTest:133 - Starting occupation add test.
2018-09-12 19:18:05 ERROR OccupationDaoJDBC:141 - Failure 2 inserting new occupation!
2018-09-12 23:16:41 INFO  OccupationServiceTest:133 - Starting occupation add test.
2018-09-12 23:16:42 ERROR OccupationDaoJDBC:135 - Failure 1 inserting new occupation!
2018-09-12 23:17:49 INFO  OccupationServiceTest:133 - Starting occupation add test.
2018-09-12 23:17:49 ERROR OccupationDaoJDBC:135 - Failure 1 inserting new occupation!
2018-09-12 23:18:05 INFO  OccupationServiceTest:133 - Starting occupation add test.
2018-09-12 23:18:05 ERROR OccupationDaoJDBC:135 - Failure 1 inserting new occupation!
2018-09-12 23:18:26 INFO  OccupationServiceTest:133 - Starting occupation add test.
2018-09-12 23:18:26 ERROR OccupationDaoJDBC:141 - Failure 2 inserting new occupation!
2018-09-12 23:24:37 INFO  OccupationServiceTest:133 - Starting occupation add test.
2018-09-12 23:24:38 ERROR OccupationDaoJDBC:141 - Failure 2 inserting new occupation!
2018-09-12 23:29:46 INFO  OccupationServiceTest:151 - Starting occupation add test.
2018-09-12 23:29:47 ERROR OccupationDaoJDBC:192 - Failure searching all occupations
2018-09-12 23:35:04 INFO  OccupationServiceTest:152 - Starting occupation add test.
2018-09-12 23:35:05 ERROR OccupationDaoJDBC:192 - Failure searching all occupations
2018-09-12 23:35:36 INFO  OccupationServiceTest:152 - Starting occupation add test.
2018-09-12 23:36:29 INFO  OccupationServiceTest:152 - Starting occupation add test.
2018-09-12 23:43:53 INFO  OccupationServiceTest:152 - Starting occupation add test.
2018-09-12 23:48:30 INFO  OccupationServiceTest:132 - Starting occupation add test.
2018-09-12 23:48:31 ERROR OccupationDaoJDBC:147 - Failure 1 inserting new occupation!
2018-09-12 23:49:38 INFO  OccupationServiceTest:132 - Starting occupation add test.
2018-09-12 23:49:39 ERROR OccupationDaoJDBC:147 - Failure 1 inserting new occupation!
2018-09-12 23:58:21 INFO  OccupationServiceTest:151 - Starting occupation add test.
2018-09-13 00:00:59 INFO  OccupationServiceTest:151 - Starting occupation add test.
2018-09-13 00:01:44 INFO  OccupationServiceTest:151 - Starting occupation add test.
2018-09-13 00:03:12 INFO  OccupationServiceTest:151 - Starting occupation add test.
2018-09-13 00:03:30 INFO  OccupationServiceTest:65 - Starting occupation add test.
2018-09-13 00:03:31 INFO  OccupationServiceTest:151 - Starting occupation add test.
2018-09-13 00:03:31 INFO  OccupationServiceTest:93 - Starting occupation add test.
2018-09-13 00:03:36 INFO  OccupationServiceTest:151 - Starting occupation add test.
2018-09-13 00:06:08 INFO  OccupationServiceTest:151 - Starting occupation add test.
2018-09-13 00:06:09 ERROR OccupationDaoJDBC:198 - Failure searching all occupations
2018-09-13 00:07:23 INFO  OccupationServiceTest:151 - Starting occupation add test.
2018-09-13 00:07:45 INFO  OccupationServiceTest:151 - Starting occupation add test.
2018-09-13 00:07:45 ERROR OccupationDaoJDBC:198 - Failure searching all occupations
2018-09-13 00:09:57 INFO  OccupationServiceTest:151 - Starting occupation add test.
2018-09-13 00:09:57 ERROR OccupationDaoJDBC:197 - Failure searching all occupations
2018-09-13 00:10:57 INFO  OccupationServiceTest:151 - Starting occupation add test.
2018-09-13 00:17:01 INFO  OccupationServiceTest:152 - Starting occupation add test.
2018-09-13 00:17:02 ERROR OccupationDaoJDBC:197 - Failure searching all occupations
2018-09-13 00:17:32 INFO  OccupationServiceTest:152 - Starting occupation add test.
2018-09-13 00:17:32 ERROR OccupationDaoJDBC:197 - Failure searching all occupations
2018-09-13 00:18:51 INFO  OccupationServiceTest:152 - Starting occupation add test.
2018-09-13 00:18:51 ERROR OccupationDaoJDBC:197 - Failure searching all occupations
2018-09-13 08:10:59 INFO  OccupationServiceTest:152 - Starting occupation add test.
2018-09-13 08:11:00 ERROR OccupationDaoJDBC:99 - Failure inserting new occupation!
2018-09-13 08:13:03 INFO  OccupationServiceTest:152 - Starting occupation add test.
2018-09-13 08:13:05 ERROR OccupationDaoJDBC:197 - Failure searching all occupations
2018-09-13 08:28:34 INFO  OccupationServiceTest:152 - Starting occupation add test.
2018-09-13 08:28:35 ERROR OccupationDaoJDBC:200 - Failure searching all occupations
2018-09-13 10:55:56 INFO  OccupationServiceTest:25 - Starting occupation add test.
2018-09-13 10:55:59 INFO  OccupationServiceTest:47 - Finishing the test...
2018-09-13 10:58:57 INFO  Version:66 - HCANN000001: Hibernate Commons Annotations {4.0.5.Final}
2018-09-13 10:58:57 INFO  Version:54 - HHH000412: Hibernate Core {4.3.11.Final}
2018-09-13 10:58:57 INFO  Environment:239 - HHH000206: hibernate.properties not found
2018-09-13 10:58:57 INFO  Environment:346 - HHH000021: Bytecode provider name : javassist
2018-09-13 10:58:57 INFO  Configuration:2075 - HHH000043: Configuring from resource: hibernate-annotation.cfg.xml
2018-09-13 10:58:57 INFO  Configuration:2094 - HHH000040: Configuration resource: hibernate-annotation.cfg.xml
2018-09-13 10:58:59 ERROR HibernateUtil:49 - Initial SessionFactory creation failed.
org.hibernate.MappingException: Unable to load class [ com.capgemeini.serviciosya.beans.entity.CountryEntity] declared in Hibernate configuration <mapping/> entry
	at org.hibernate.cfg.Configuration.parseMappingElement(Configuration.java:2281)
	at org.hibernate.cfg.Configuration.parseSessionFactory(Configuration.java:2229)
	at org.hibernate.cfg.Configuration.doConfigure(Configuration.java:2209)
	at org.hibernate.cfg.Configuration.doConfigure(Configuration.java:2162)
	at org.hibernate.cfg.Configuration.configure(Configuration.java:2077)
	at com.cagmeini.serviciosya.dao.orm.HibernateUtil.buildSessionAnnotationFactory(HibernateUtil.java:30)
	at com.cagmeini.serviciosya.dao.orm.HibernateUtil.getSessionAnnotationFactory(HibernateUtil.java:59)
	at com.cagmeini.serviciosya.dao.orm.CountryDaoHibernate.<init>(CountryDaoHibernate.java:19)
	at com.cagmeini.serviciosya.dao.CountryDaoTest.<init>(CountryDaoTest.java:12)
	at sun.reflect.NativeConstructorAccessorImpl.newInstance0(Native Method)
	at sun.reflect.NativeConstructorAccessorImpl.newInstance(NativeConstructorAccessorImpl.java:62)
	at sun.reflect.DelegatingConstructorAccessorImpl.newInstance(DelegatingConstructorAccessorImpl.java:45)
	at java.lang.reflect.Constructor.newInstance(Constructor.java:423)
	at org.junit.runners.BlockJUnit4ClassRunner.createTest(BlockJUnit4ClassRunner.java:217)
	at org.junit.runners.BlockJUnit4ClassRunner$1.runReflectiveCall(BlockJUnit4ClassRunner.java:266)
	at org.junit.internal.runners.model.ReflectiveCallable.run(ReflectiveCallable.java:12)
	at org.junit.runners.BlockJUnit4ClassRunner.methodBlock(BlockJUnit4ClassRunner.java:263)
	at org.junit.runners.BlockJUnit4ClassRunner.runChild(BlockJUnit4ClassRunner.java:78)
	at org.junit.runners.BlockJUnit4ClassRunner.runChild(BlockJUnit4ClassRunner.java:57)
	at org.junit.runners.ParentRunner$3.run(ParentRunner.java:290)
	at org.junit.runners.ParentRunner$1.schedule(ParentRunner.java:71)
	at org.junit.runners.ParentRunner.runChildren(ParentRunner.java:288)
	at org.junit.runners.ParentRunner.access$000(ParentRunner.java:58)
	at org.junit.runners.ParentRunner$2.evaluate(ParentRunner.java:268)
	at org.junit.runners.ParentRunner.run(ParentRunner.java:363)
	at org.junit.runner.JUnitCore.run(JUnitCore.java:137)
	at com.intellij.junit4.JUnit4IdeaTestRunner.startRunnerWithArgs(JUnit4IdeaTestRunner.java:68)
	at com.intellij.rt.execution.junit.IdeaTestRunner$Repeater.startRunnerWithArgs(IdeaTestRunner.java:47)
	at com.intellij.rt.execution.junit.JUnitStarter.prepareStreamsAndStart(JUnitStarter.java:242)
	at com.intellij.rt.execution.junit.JUnitStarter.main(JUnitStarter.java:70)
Caused by: java.lang.ClassNotFoundException: com.capgemeini.serviciosya.beans.entity.CountryEntity
	at java.net.URLClassLoader.findClass(URLClassLoader.java:381)
	at java.lang.ClassLoader.loadClass(ClassLoader.java:424)
	at sun.misc.Launcher$AppClassLoader.loadClass(Launcher.java:335)
	at java.lang.ClassLoader.loadClass(ClassLoader.java:357)
	at java.lang.Class.forName0(Native Method)
	at java.lang.Class.forName(Class.java:264)
	at org.hibernate.internal.util.ReflectHelper.classForName(ReflectHelper.java:193)
	at org.hibernate.cfg.Configuration.parseMappingElement(Configuration.java:2278)
	... 29 more
2018-09-13 10:58:59 INFO  Configuration:2075 - HHH000043: Configuring from resource: hibernate-annotation.cfg.xml
2018-09-13 10:58:59 INFO  Configuration:2094 - HHH000040: Configuration resource: hibernate-annotation.cfg.xml
2018-09-13 10:58:59 ERROR HibernateUtil:49 - Initial SessionFactory creation failed.
org.hibernate.MappingException: Unable to load class [ com.capgemeini.serviciosya.beans.entity.CountryEntity] declared in Hibernate configuration <mapping/> entry
	at org.hibernate.cfg.Configuration.parseMappingElement(Configuration.java:2281)
	at org.hibernate.cfg.Configuration.parseSessionFactory(Configuration.java:2229)
	at org.hibernate.cfg.Configuration.doConfigure(Configuration.java:2209)
	at org.hibernate.cfg.Configuration.doConfigure(Configuration.java:2162)
	at org.hibernate.cfg.Configuration.configure(Configuration.java:2077)
	at com.cagmeini.serviciosya.dao.orm.HibernateUtil.buildSessionAnnotationFactory(HibernateUtil.java:30)
	at com.cagmeini.serviciosya.dao.orm.HibernateUtil.getSessionAnnotationFactory(HibernateUtil.java:59)
	at com.cagmeini.serviciosya.dao.orm.CountryDaoHibernate.<init>(CountryDaoHibernate.java:19)
	at com.cagmeini.serviciosya.dao.CountryDaoTest.<init>(CountryDaoTest.java:12)
	at sun.reflect.NativeConstructorAccessorImpl.newInstance0(Native Method)
	at sun.reflect.NativeConstructorAccessorImpl.newInstance(NativeConstructorAccessorImpl.java:62)
	at sun.reflect.DelegatingConstructorAccessorImpl.newInstance(DelegatingConstructorAccessorImpl.java:45)
	at java.lang.reflect.Constructor.newInstance(Constructor.java:423)
	at org.junit.runners.BlockJUnit4ClassRunner.createTest(BlockJUnit4ClassRunner.java:217)
	at org.junit.runners.BlockJUnit4ClassRunner$1.runReflectiveCall(BlockJUnit4ClassRunner.java:266)
	at org.junit.internal.runners.model.ReflectiveCallable.run(ReflectiveCallable.java:12)
	at org.junit.runners.BlockJUnit4ClassRunner.methodBlock(BlockJUnit4ClassRunner.java:263)
	at org.junit.runners.BlockJUnit4ClassRunner.runChild(BlockJUnit4ClassRunner.java:78)
	at org.junit.runners.BlockJUnit4ClassRunner.runChild(BlockJUnit4ClassRunner.java:57)
	at org.junit.runners.ParentRunner$3.run(ParentRunner.java:290)
	at org.junit.runners.ParentRunner$1.schedule(ParentRunner.java:71)
	at org.junit.runners.ParentRunner.runChildren(ParentRunner.java:288)
	at org.junit.runners.ParentRunner.access$000(ParentRunner.java:58)
	at org.junit.runners.ParentRunner$2.evaluate(ParentRunner.java:268)
	at org.junit.runners.ParentRunner.run(ParentRunner.java:363)
	at org.junit.runner.JUnitCore.run(JUnitCore.java:137)
	at com.intellij.junit4.JUnit4IdeaTestRunner.startRunnerWithArgs(JUnit4IdeaTestRunner.java:68)
	at com.intellij.rt.execution.junit.IdeaTestRunner$Repeater.startRunnerWithArgs(IdeaTestRunner.java:47)
	at com.intellij.rt.execution.junit.JUnitStarter.prepareStreamsAndStart(JUnitStarter.java:242)
	at com.intellij.rt.execution.junit.JUnitStarter.main(JUnitStarter.java:70)
Caused by: java.lang.ClassNotFoundException: com.capgemeini.serviciosya.beans.entity.CountryEntity
	at java.net.URLClassLoader.findClass(URLClassLoader.java:381)
	at java.lang.ClassLoader.loadClass(ClassLoader.java:424)
	at sun.misc.Launcher$AppClassLoader.loadClass(Launcher.java:335)
	at java.lang.ClassLoader.loadClass(ClassLoader.java:357)
	at java.lang.Class.forName0(Native Method)
	at java.lang.Class.forName(Class.java:264)
	at org.hibernate.internal.util.ReflectHelper.classForName(ReflectHelper.java:193)
	at org.hibernate.cfg.Configuration.parseMappingElement(Configuration.java:2278)
	... 29 more
2018-09-13 10:58:59 INFO  Configuration:2075 - HHH000043: Configuring from resource: hibernate-annotation.cfg.xml
2018-09-13 10:58:59 INFO  Configuration:2094 - HHH000040: Configuration resource: hibernate-annotation.cfg.xml
2018-09-13 10:58:59 ERROR HibernateUtil:49 - Initial SessionFactory creation failed.
org.hibernate.MappingException: Unable to load class [ com.capgemeini.serviciosya.beans.entity.CountryEntity] declared in Hibernate configuration <mapping/> entry
	at org.hibernate.cfg.Configuration.parseMappingElement(Configuration.java:2281)
	at org.hibernate.cfg.Configuration.parseSessionFactory(Configuration.java:2229)
	at org.hibernate.cfg.Configuration.doConfigure(Configuration.java:2209)
	at org.hibernate.cfg.Configuration.doConfigure(Configuration.java:2162)
	at org.hibernate.cfg.Configuration.configure(Configuration.java:2077)
	at com.cagmeini.serviciosya.dao.orm.HibernateUtil.buildSessionAnnotationFactory(HibernateUtil.java:30)
	at com.cagmeini.serviciosya.dao.orm.HibernateUtil.getSessionAnnotationFactory(HibernateUtil.java:59)
	at com.cagmeini.serviciosya.dao.orm.CountryDaoHibernate.<init>(CountryDaoHibernate.java:19)
	at com.cagmeini.serviciosya.dao.CountryDaoTest.<init>(CountryDaoTest.java:12)
	at sun.reflect.NativeConstructorAccessorImpl.newInstance0(Native Method)
	at sun.reflect.NativeConstructorAccessorImpl.newInstance(NativeConstructorAccessorImpl.java:62)
	at sun.reflect.DelegatingConstructorAccessorImpl.newInstance(DelegatingConstructorAccessorImpl.java:45)
	at java.lang.reflect.Constructor.newInstance(Constructor.java:423)
	at org.junit.runners.BlockJUnit4ClassRunner.createTest(BlockJUnit4ClassRunner.java:217)
	at org.junit.runners.BlockJUnit4ClassRunner$1.runReflectiveCall(BlockJUnit4ClassRunner.java:266)
	at org.junit.internal.runners.model.ReflectiveCallable.run(ReflectiveCallable.java:12)
	at org.junit.runners.BlockJUnit4ClassRunner.methodBlock(BlockJUnit4ClassRunner.java:263)
	at org.junit.runners.BlockJUnit4ClassRunner.runChild(BlockJUnit4ClassRunner.java:78)
	at org.junit.runners.BlockJUnit4ClassRunner.runChild(BlockJUnit4ClassRunner.java:57)
	at org.junit.runners.ParentRunner$3.run(ParentRunner.java:290)
	at org.junit.runners.ParentRunner$1.schedule(ParentRunner.java:71)
	at org.junit.runners.ParentRunner.runChildren(ParentRunner.java:288)
	at org.junit.runners.ParentRunner.access$000(ParentRunner.java:58)
	at org.junit.runners.ParentRunner$2.evaluate(ParentRunner.java:268)
	at org.junit.runners.ParentRunner.run(ParentRunner.java:363)
	at org.junit.runner.JUnitCore.run(JUnitCore.java:137)
	at com.intellij.junit4.JUnit4IdeaTestRunner.startRunnerWithArgs(JUnit4IdeaTestRunner.java:68)
	at com.intellij.rt.execution.junit.IdeaTestRunner$Repeater.startRunnerWithArgs(IdeaTestRunner.java:47)
	at com.intellij.rt.execution.junit.JUnitStarter.prepareStreamsAndStart(JUnitStarter.java:242)
	at com.intellij.rt.execution.junit.JUnitStarter.main(JUnitStarter.java:70)
Caused by: java.lang.ClassNotFoundException: com.capgemeini.serviciosya.beans.entity.CountryEntity
	at java.net.URLClassLoader.findClass(URLClassLoader.java:381)
	at java.lang.ClassLoader.loadClass(ClassLoader.java:424)
	at sun.misc.Launcher$AppClassLoader.loadClass(Launcher.java:335)
	at java.lang.ClassLoader.loadClass(ClassLoader.java:357)
	at java.lang.Class.forName0(Native Method)
	at java.lang.Class.forName(Class.java:264)
	at org.hibernate.internal.util.ReflectHelper.classForName(ReflectHelper.java:193)
	at org.hibernate.cfg.Configuration.parseMappingElement(Configuration.java:2278)
	... 29 more
2018-09-13 10:58:59 INFO  Configuration:2075 - HHH000043: Configuring from resource: hibernate-annotation.cfg.xml
2018-09-13 10:58:59 INFO  Configuration:2094 - HHH000040: Configuration resource: hibernate-annotation.cfg.xml
2018-09-13 10:58:59 ERROR HibernateUtil:49 - Initial SessionFactory creation failed.
org.hibernate.MappingException: Unable to load class [ com.capgemeini.serviciosya.beans.entity.CountryEntity] declared in Hibernate configuration <mapping/> entry
	at org.hibernate.cfg.Configuration.parseMappingElement(Configuration.java:2281)
	at org.hibernate.cfg.Configuration.parseSessionFactory(Configuration.java:2229)
	at org.hibernate.cfg.Configuration.doConfigure(Configuration.java:2209)
	at org.hibernate.cfg.Configuration.doConfigure(Configuration.java:2162)
	at org.hibernate.cfg.Configuration.configure(Configuration.java:2077)
	at com.cagmeini.serviciosya.dao.orm.HibernateUtil.buildSessionAnnotationFactory(HibernateUtil.java:30)
	at com.cagmeini.serviciosya.dao.orm.HibernateUtil.getSessionAnnotationFactory(HibernateUtil.java:59)
	at com.cagmeini.serviciosya.dao.orm.CountryDaoHibernate.<init>(CountryDaoHibernate.java:19)
	at com.cagmeini.serviciosya.dao.CountryDaoTest.<init>(CountryDaoTest.java:12)
	at sun.reflect.NativeConstructorAccessorImpl.newInstance0(Native Method)
	at sun.reflect.NativeConstructorAccessorImpl.newInstance(NativeConstructorAccessorImpl.java:62)
	at sun.reflect.DelegatingConstructorAccessorImpl.newInstance(DelegatingConstructorAccessorImpl.java:45)
	at java.lang.reflect.Constructor.newInstance(Constructor.java:423)
	at org.junit.runners.BlockJUnit4ClassRunner.createTest(BlockJUnit4ClassRunner.java:217)
	at org.junit.runners.BlockJUnit4ClassRunner$1.runReflectiveCall(BlockJUnit4ClassRunner.java:266)
	at org.junit.internal.runners.model.ReflectiveCallable.run(ReflectiveCallable.java:12)
	at org.junit.runners.BlockJUnit4ClassRunner.methodBlock(BlockJUnit4ClassRunner.java:263)
	at org.junit.runners.BlockJUnit4ClassRunner.runChild(BlockJUnit4ClassRunner.java:78)
	at org.junit.runners.BlockJUnit4ClassRunner.runChild(BlockJUnit4ClassRunner.java:57)
	at org.junit.runners.ParentRunner$3.run(ParentRunner.java:290)
	at org.junit.runners.ParentRunner$1.schedule(ParentRunner.java:71)
	at org.junit.runners.ParentRunner.runChildren(ParentRunner.java:288)
	at org.junit.runners.ParentRunner.access$000(ParentRunner.java:58)
	at org.junit.runners.ParentRunner$2.evaluate(ParentRunner.java:268)
	at org.junit.runners.ParentRunner.run(ParentRunner.java:363)
	at org.junit.runner.JUnitCore.run(JUnitCore.java:137)
	at com.intellij.junit4.JUnit4IdeaTestRunner.startRunnerWithArgs(JUnit4IdeaTestRunner.java:68)
	at com.intellij.rt.execution.junit.IdeaTestRunner$Repeater.startRunnerWithArgs(IdeaTestRunner.java:47)
	at com.intellij.rt.execution.junit.JUnitStarter.prepareStreamsAndStart(JUnitStarter.java:242)
	at com.intellij.rt.execution.junit.JUnitStarter.main(JUnitStarter.java:70)
Caused by: java.lang.ClassNotFoundException: com.capgemeini.serviciosya.beans.entity.CountryEntity
	at java.net.URLClassLoader.findClass(URLClassLoader.java:381)
	at java.lang.ClassLoader.loadClass(ClassLoader.java:424)
	at sun.misc.Launcher$AppClassLoader.loadClass(Launcher.java:335)
	at java.lang.ClassLoader.loadClass(ClassLoader.java:357)
	at java.lang.Class.forName0(Native Method)
	at java.lang.Class.forName(Class.java:264)
	at org.hibernate.internal.util.ReflectHelper.classForName(ReflectHelper.java:193)
	at org.hibernate.cfg.Configuration.parseMappingElement(Configuration.java:2278)
	... 29 more
2018-09-13 10:59:11 INFO  Version:66 - HCANN000001: Hibernate Commons Annotations {4.0.5.Final}
2018-09-13 10:59:11 INFO  Version:54 - HHH000412: Hibernate Core {4.3.11.Final}
2018-09-13 10:59:11 INFO  Environment:239 - HHH000206: hibernate.properties not found
2018-09-13 10:59:11 INFO  Environment:346 - HHH000021: Bytecode provider name : javassist
2018-09-13 10:59:11 INFO  Configuration:2075 - HHH000043: Configuring from resource: hibernate-annotation.cfg.xml
2018-09-13 10:59:11 INFO  Configuration:2094 - HHH000040: Configuration resource: hibernate-annotation.cfg.xml
2018-09-13 10:59:11 ERROR HibernateUtil:49 - Initial SessionFactory creation failed.
org.hibernate.MappingException: Unable to load class [ com.capgemeini.serviciosya.beans.entity.CountryEntity] declared in Hibernate configuration <mapping/> entry
	at org.hibernate.cfg.Configuration.parseMappingElement(Configuration.java:2281)
	at org.hibernate.cfg.Configuration.parseSessionFactory(Configuration.java:2229)
	at org.hibernate.cfg.Configuration.doConfigure(Configuration.java:2209)
	at org.hibernate.cfg.Configuration.doConfigure(Configuration.java:2162)
	at org.hibernate.cfg.Configuration.configure(Configuration.java:2077)
	at com.cagmeini.serviciosya.dao.orm.HibernateUtil.buildSessionAnnotationFactory(HibernateUtil.java:30)
	at com.cagmeini.serviciosya.dao.orm.HibernateUtil.getSessionAnnotationFactory(HibernateUtil.java:59)
	at com.cagmeini.serviciosya.dao.orm.CountryDaoHibernate.<init>(CountryDaoHibernate.java:19)
	at com.cagmeini.serviciosya.dao.CountryDaoTest.<init>(CountryDaoTest.java:12)
	at sun.reflect.NativeConstructorAccessorImpl.newInstance0(Native Method)
	at sun.reflect.NativeConstructorAccessorImpl.newInstance(NativeConstructorAccessorImpl.java:62)
	at sun.reflect.DelegatingConstructorAccessorImpl.newInstance(DelegatingConstructorAccessorImpl.java:45)
	at java.lang.reflect.Constructor.newInstance(Constructor.java:423)
	at org.junit.runners.BlockJUnit4ClassRunner.createTest(BlockJUnit4ClassRunner.java:217)
	at org.junit.runners.BlockJUnit4ClassRunner$1.runReflectiveCall(BlockJUnit4ClassRunner.java:266)
	at org.junit.internal.runners.model.ReflectiveCallable.run(ReflectiveCallable.java:12)
	at org.junit.runners.BlockJUnit4ClassRunner.methodBlock(BlockJUnit4ClassRunner.java:263)
	at org.junit.runners.BlockJUnit4ClassRunner.runChild(BlockJUnit4ClassRunner.java:78)
	at org.junit.runners.BlockJUnit4ClassRunner.runChild(BlockJUnit4ClassRunner.java:57)
	at org.junit.runners.ParentRunner$3.run(ParentRunner.java:290)
	at org.junit.runners.ParentRunner$1.schedule(ParentRunner.java:71)
	at org.junit.runners.ParentRunner.runChildren(ParentRunner.java:288)
	at org.junit.runners.ParentRunner.access$000(ParentRunner.java:58)
	at org.junit.runners.ParentRunner$2.evaluate(ParentRunner.java:268)
	at org.junit.runners.ParentRunner.run(ParentRunner.java:363)
	at org.junit.runner.JUnitCore.run(JUnitCore.java:137)
	at com.intellij.junit4.JUnit4IdeaTestRunner.startRunnerWithArgs(JUnit4IdeaTestRunner.java:68)
	at com.intellij.rt.execution.junit.IdeaTestRunner$Repeater.startRunnerWithArgs(IdeaTestRunner.java:47)
	at com.intellij.rt.execution.junit.JUnitStarter.prepareStreamsAndStart(JUnitStarter.java:242)
	at com.intellij.rt.execution.junit.JUnitStarter.main(JUnitStarter.java:70)
Caused by: java.lang.ClassNotFoundException: com.capgemeini.serviciosya.beans.entity.CountryEntity
	at java.net.URLClassLoader.findClass(URLClassLoader.java:381)
	at java.lang.ClassLoader.loadClass(ClassLoader.java:424)
	at sun.misc.Launcher$AppClassLoader.loadClass(Launcher.java:335)
	at java.lang.ClassLoader.loadClass(ClassLoader.java:357)
	at java.lang.Class.forName0(Native Method)
	at java.lang.Class.forName(Class.java:264)
	at org.hibernate.internal.util.ReflectHelper.classForName(ReflectHelper.java:193)
	at org.hibernate.cfg.Configuration.parseMappingElement(Configuration.java:2278)
	... 29 more
2018-09-13 11:00:47 INFO  Version:66 - HCANN000001: Hibernate Commons Annotations {4.0.5.Final}
2018-09-13 11:00:47 INFO  Version:54 - HHH000412: Hibernate Core {4.3.11.Final}
2018-09-13 11:00:47 INFO  Environment:239 - HHH000206: hibernate.properties not found
2018-09-13 11:00:47 INFO  Environment:346 - HHH000021: Bytecode provider name : javassist
2018-09-13 11:00:47 INFO  Configuration:2075 - HHH000043: Configuring from resource: hibernate-annotation.cfg.xml
2018-09-13 11:00:47 INFO  Configuration:2094 - HHH000040: Configuration resource: hibernate-annotation.cfg.xml
2018-09-13 11:00:48 INFO  Configuration:2216 - HHH000041: Configured SessionFactory: null
2018-09-13 11:00:48 WARN  DriverManagerConnectionProviderImpl:93 - HHH000402: Using Hibernate built-in connection pool (not for production use!)
2018-09-13 11:00:48 INFO  DriverManagerConnectionProviderImpl:166 - HHH000401: using driver [org.postgresql.Driver] at URL [jdbc:postgresql://localhost:5432/serviciosya]
2018-09-13 11:00:48 INFO  DriverManagerConnectionProviderImpl:175 - HHH000046: Connection properties: {user=postgres, password=****}
2018-09-13 11:00:48 INFO  DriverManagerConnectionProviderImpl:180 - HHH000006: Autocommit mode: false
2018-09-13 11:00:48 INFO  DriverManagerConnectionProviderImpl:102 - HHH000115: Hibernate connection pool size: 20 (min=1)
2018-09-13 11:00:50 INFO  Dialect:145 - HHH000400: Using dialect: org.hibernate.dialect.PostgreSQL82Dialect
2018-09-13 11:00:50 INFO  LobCreatorBuilder:123 - HHH000424: Disabling contextual LOB creation as createClob() method threw error : java.lang.reflect.InvocationTargetException
2018-09-13 11:00:50 INFO  TransactionFactoryInitiator:62 - HHH000399: Using default transaction strategy (direct JDBC transactions)
2018-09-13 11:00:50 INFO  ASTQueryTranslatorFactory:47 - HHH000397: Using ASTQueryTranslatorFactory
2018-09-13 11:01:03 INFO  Version:66 - HCANN000001: Hibernate Commons Annotations {4.0.5.Final}
2018-09-13 11:01:03 INFO  Version:54 - HHH000412: Hibernate Core {4.3.11.Final}
2018-09-13 11:01:03 INFO  Environment:239 - HHH000206: hibernate.properties not found
2018-09-13 11:01:03 INFO  Environment:346 - HHH000021: Bytecode provider name : javassist
2018-09-13 11:01:03 INFO  Configuration:2075 - HHH000043: Configuring from resource: hibernate-annotation.cfg.xml
2018-09-13 11:01:03 INFO  Configuration:2094 - HHH000040: Configuration resource: hibernate-annotation.cfg.xml
2018-09-13 11:01:04 INFO  Configuration:2216 - HHH000041: Configured SessionFactory: null
2018-09-13 11:01:04 WARN  DriverManagerConnectionProviderImpl:93 - HHH000402: Using Hibernate built-in connection pool (not for production use!)
2018-09-13 11:01:04 INFO  DriverManagerConnectionProviderImpl:166 - HHH000401: using driver [org.postgresql.Driver] at URL [jdbc:postgresql://localhost:5432/serviciosya]
2018-09-13 11:01:04 INFO  DriverManagerConnectionProviderImpl:175 - HHH000046: Connection properties: {user=postgres, password=****}
2018-09-13 11:01:04 INFO  DriverManagerConnectionProviderImpl:180 - HHH000006: Autocommit mode: false
2018-09-13 11:01:04 INFO  DriverManagerConnectionProviderImpl:102 - HHH000115: Hibernate connection pool size: 20 (min=1)
2018-09-13 11:01:05 INFO  Dialect:145 - HHH000400: Using dialect: org.hibernate.dialect.PostgreSQL82Dialect
2018-09-13 11:01:05 INFO  LobCreatorBuilder:123 - HHH000424: Disabling contextual LOB creation as createClob() method threw error : java.lang.reflect.InvocationTargetException
2018-09-13 11:01:06 INFO  TransactionFactoryInitiator:62 - HHH000399: Using default transaction strategy (direct JDBC transactions)
2018-09-13 11:01:06 INFO  ASTQueryTranslatorFactory:47 - HHH000397: Using ASTQueryTranslatorFactory
2018-09-13 11:01:07 ERROR CountryDaoHibernate:85 - Error updating country com.cagmeini.serviciosya.beans.entity.CountryEntity@7a362b6b
2018-09-13 11:01:07 INFO  AbstractBatchImpl:208 - HHH000010: On release of batch it still contained JDBC statements
2018-09-13 11:01:44 INFO  Version:66 - HCANN000001: Hibernate Commons Annotations {4.0.5.Final}
2018-09-13 11:01:44 INFO  Version:54 - HHH000412: Hibernate Core {4.3.11.Final}
2018-09-13 11:01:44 INFO  Environment:239 - HHH000206: hibernate.properties not found
2018-09-13 11:01:44 INFO  Environment:346 - HHH000021: Bytecode provider name : javassist
2018-09-13 11:01:44 INFO  Configuration:2075 - HHH000043: Configuring from resource: hibernate-annotation.cfg.xml
2018-09-13 11:01:44 INFO  Configuration:2094 - HHH000040: Configuration resource: hibernate-annotation.cfg.xml
2018-09-13 11:01:45 INFO  Configuration:2216 - HHH000041: Configured SessionFactory: null
2018-09-13 11:01:45 WARN  DriverManagerConnectionProviderImpl:93 - HHH000402: Using Hibernate built-in connection pool (not for production use!)
2018-09-13 11:01:45 INFO  DriverManagerConnectionProviderImpl:166 - HHH000401: using driver [org.postgresql.Driver] at URL [jdbc:postgresql://localhost:5432/serviciosya]
2018-09-13 11:01:45 INFO  DriverManagerConnectionProviderImpl:175 - HHH000046: Connection properties: {user=postgres, password=****}
2018-09-13 11:01:45 INFO  DriverManagerConnectionProviderImpl:180 - HHH000006: Autocommit mode: false
2018-09-13 11:01:45 INFO  DriverManagerConnectionProviderImpl:102 - HHH000115: Hibernate connection pool size: 20 (min=1)
2018-09-13 11:01:46 INFO  Dialect:145 - HHH000400: Using dialect: org.hibernate.dialect.PostgreSQL82Dialect
2018-09-13 11:01:46 INFO  LobCreatorBuilder:123 - HHH000424: Disabling contextual LOB creation as createClob() method threw error : java.lang.reflect.InvocationTargetException
2018-09-13 11:01:46 INFO  TransactionFactoryInitiator:62 - HHH000399: Using default transaction strategy (direct JDBC transactions)
2018-09-13 11:01:46 INFO  ASTQueryTranslatorFactory:47 - HHH000397: Using ASTQueryTranslatorFactory
2018-09-13 11:01:48 WARN  CountryDaoHibernate:121 - Country by id 4 not found!
2018-09-13 11:01:48 WARN  CountryDaoHibernate:186 - Country by id 4 not found!
2018-09-13 11:02:00 INFO  Version:66 - HCANN000001: Hibernate Commons Annotations {4.0.5.Final}
2018-09-13 11:02:00 INFO  Version:54 - HHH000412: Hibernate Core {4.3.11.Final}
2018-09-13 11:02:00 INFO  Environment:239 - HHH000206: hibernate.properties not found
2018-09-13 11:02:00 INFO  Environment:346 - HHH000021: Bytecode provider name : javassist
2018-09-13 11:02:00 INFO  Configuration:2075 - HHH000043: Configuring from resource: hibernate-annotation.cfg.xml
2018-09-13 11:02:00 INFO  Configuration:2094 - HHH000040: Configuration resource: hibernate-annotation.cfg.xml
2018-09-13 11:02:00 INFO  Configuration:2216 - HHH000041: Configured SessionFactory: null
2018-09-13 11:02:01 WARN  DriverManagerConnectionProviderImpl:93 - HHH000402: Using Hibernate built-in connection pool (not for production use!)
2018-09-13 11:02:01 INFO  DriverManagerConnectionProviderImpl:166 - HHH000401: using driver [org.postgresql.Driver] at URL [jdbc:postgresql://localhost:5432/serviciosya]
2018-09-13 11:02:01 INFO  DriverManagerConnectionProviderImpl:175 - HHH000046: Connection properties: {user=postgres, password=****}
2018-09-13 11:02:01 INFO  DriverManagerConnectionProviderImpl:180 - HHH000006: Autocommit mode: false
2018-09-13 11:02:01 INFO  DriverManagerConnectionProviderImpl:102 - HHH000115: Hibernate connection pool size: 20 (min=1)
2018-09-13 11:02:02 INFO  Dialect:145 - HHH000400: Using dialect: org.hibernate.dialect.PostgreSQL82Dialect
2018-09-13 11:02:02 INFO  LobCreatorBuilder:123 - HHH000424: Disabling contextual LOB creation as createClob() method threw error : java.lang.reflect.InvocationTargetException
2018-09-13 11:02:02 INFO  TransactionFactoryInitiator:62 - HHH000399: Using default transaction strategy (direct JDBC transactions)
2018-09-13 11:02:02 INFO  ASTQueryTranslatorFactory:47 - HHH000397: Using ASTQueryTranslatorFactory
2018-09-13 11:02:03 ERROR CountryDaoHibernate:85 - Error updating country com.cagmeini.serviciosya.beans.entity.CountryEntity@7a362b6b
2018-09-13 11:02:03 INFO  AbstractBatchImpl:208 - HHH000010: On release of batch it still contained JDBC statements
2018-09-13 11:19:29 INFO  Version:66 - HCANN000001: Hibernate Commons Annotations {4.0.5.Final}
2018-09-13 11:19:29 INFO  Version:54 - HHH000412: Hibernate Core {4.3.11.Final}
2018-09-13 11:19:29 INFO  Environment:239 - HHH000206: hibernate.properties not found
2018-09-13 11:19:29 INFO  Environment:346 - HHH000021: Bytecode provider name : javassist
2018-09-13 11:19:29 INFO  Configuration:2075 - HHH000043: Configuring from resource: hibernate-annotation.cfg.xml
2018-09-13 11:19:29 INFO  Configuration:2094 - HHH000040: Configuration resource: hibernate-annotation.cfg.xml
2018-09-13 11:19:30 INFO  Configuration:2216 - HHH000041: Configured SessionFactory: null
2018-09-13 11:19:30 WARN  DriverManagerConnectionProviderImpl:93 - HHH000402: Using Hibernate built-in connection pool (not for production use!)
2018-09-13 11:19:30 INFO  DriverManagerConnectionProviderImpl:166 - HHH000401: using driver [org.postgresql.Driver] at URL [jdbc:postgresql://localhost:5432/serviciosya]
2018-09-13 11:19:30 INFO  DriverManagerConnectionProviderImpl:175 - HHH000046: Connection properties: {user=postgres, password=****}
2018-09-13 11:19:30 INFO  DriverManagerConnectionProviderImpl:180 - HHH000006: Autocommit mode: false
2018-09-13 11:19:30 INFO  DriverManagerConnectionProviderImpl:102 - HHH000115: Hibernate connection pool size: 20 (min=1)
2018-09-13 11:19:31 INFO  Dialect:145 - HHH000400: Using dialect: org.hibernate.dialect.PostgreSQL82Dialect
2018-09-13 11:19:31 INFO  LobCreatorBuilder:123 - HHH000424: Disabling contextual LOB creation as createClob() method threw error : java.lang.reflect.InvocationTargetException
2018-09-13 11:19:31 INFO  TransactionFactoryInitiator:62 - HHH000399: Using default transaction strategy (direct JDBC transactions)
2018-09-13 11:19:31 INFO  ASTQueryTranslatorFactory:47 - HHH000397: Using ASTQueryTranslatorFactory
2018-09-13 11:19:33 ERROR CountryDaoHibernate:85 - Error updating country com.cagmeini.serviciosya.beans.entity.CountryEntity@7a362b6b
2018-09-13 11:19:33 INFO  AbstractBatchImpl:208 - HHH000010: On release of batch it still contained JDBC statements
2018-09-13 11:19:45 INFO  Version:66 - HCANN000001: Hibernate Commons Annotations {4.0.5.Final}
2018-09-13 11:19:45 INFO  Version:54 - HHH000412: Hibernate Core {4.3.11.Final}
2018-09-13 11:19:45 INFO  Environment:239 - HHH000206: hibernate.properties not found
2018-09-13 11:19:45 INFO  Environment:346 - HHH000021: Bytecode provider name : javassist
2018-09-13 11:19:45 INFO  Configuration:2075 - HHH000043: Configuring from resource: hibernate-annotation.cfg.xml
2018-09-13 11:19:45 INFO  Configuration:2094 - HHH000040: Configuration resource: hibernate-annotation.cfg.xml
2018-09-13 11:19:46 INFO  Configuration:2216 - HHH000041: Configured SessionFactory: null
2018-09-13 11:19:46 WARN  DriverManagerConnectionProviderImpl:93 - HHH000402: Using Hibernate built-in connection pool (not for production use!)
2018-09-13 11:19:46 INFO  DriverManagerConnectionProviderImpl:166 - HHH000401: using driver [org.postgresql.Driver] at URL [jdbc:postgresql://localhost:5432/serviciosya]
2018-09-13 11:19:46 INFO  DriverManagerConnectionProviderImpl:175 - HHH000046: Connection properties: {user=postgres, password=****}
2018-09-13 11:19:46 INFO  DriverManagerConnectionProviderImpl:180 - HHH000006: Autocommit mode: false
2018-09-13 11:19:46 INFO  DriverManagerConnectionProviderImpl:102 - HHH000115: Hibernate connection pool size: 20 (min=1)
2018-09-13 11:19:47 INFO  Dialect:145 - HHH000400: Using dialect: org.hibernate.dialect.PostgreSQL82Dialect
2018-09-13 11:19:47 INFO  LobCreatorBuilder:123 - HHH000424: Disabling contextual LOB creation as createClob() method threw error : java.lang.reflect.InvocationTargetException
2018-09-13 11:19:47 INFO  TransactionFactoryInitiator:62 - HHH000399: Using default transaction strategy (direct JDBC transactions)
2018-09-13 11:19:47 INFO  ASTQueryTranslatorFactory:47 - HHH000397: Using ASTQueryTranslatorFactory
2018-09-13 11:20:46 INFO  Version:66 - HCANN000001: Hibernate Commons Annotations {4.0.5.Final}
2018-09-13 11:20:46 INFO  Version:54 - HHH000412: Hibernate Core {4.3.11.Final}
2018-09-13 11:20:46 INFO  Environment:239 - HHH000206: hibernate.properties not found
2018-09-13 11:20:46 INFO  Environment:346 - HHH000021: Bytecode provider name : javassist
2018-09-13 11:20:46 INFO  Configuration:2075 - HHH000043: Configuring from resource: hibernate-annotation.cfg.xml
2018-09-13 11:20:46 INFO  Configuration:2094 - HHH000040: Configuration resource: hibernate-annotation.cfg.xml
2018-09-13 11:20:47 INFO  Configuration:2216 - HHH000041: Configured SessionFactory: null
2018-09-13 11:20:48 WARN  DriverManagerConnectionProviderImpl:93 - HHH000402: Using Hibernate built-in connection pool (not for production use!)
2018-09-13 11:20:48 INFO  DriverManagerConnectionProviderImpl:166 - HHH000401: using driver [org.postgresql.Driver] at URL [jdbc:postgresql://localhost:5432/serviciosya]
2018-09-13 11:20:48 INFO  DriverManagerConnectionProviderImpl:175 - HHH000046: Connection properties: {user=postgres, password=****}
2018-09-13 11:20:48 INFO  DriverManagerConnectionProviderImpl:180 - HHH000006: Autocommit mode: false
2018-09-13 11:20:48 INFO  DriverManagerConnectionProviderImpl:102 - HHH000115: Hibernate connection pool size: 20 (min=1)
2018-09-13 11:20:49 INFO  Dialect:145 - HHH000400: Using dialect: org.hibernate.dialect.PostgreSQL82Dialect
2018-09-13 11:20:49 INFO  LobCreatorBuilder:123 - HHH000424: Disabling contextual LOB creation as createClob() method threw error : java.lang.reflect.InvocationTargetException
2018-09-13 11:20:49 INFO  TransactionFactoryInitiator:62 - HHH000399: Using default transaction strategy (direct JDBC transactions)
2018-09-13 11:20:49 INFO  ASTQueryTranslatorFactory:47 - HHH000397: Using ASTQueryTranslatorFactory
2018-09-13 11:21:03 INFO  Version:66 - HCANN000001: Hibernate Commons Annotations {4.0.5.Final}
2018-09-13 11:21:03 INFO  Version:54 - HHH000412: Hibernate Core {4.3.11.Final}
2018-09-13 11:21:03 INFO  Environment:239 - HHH000206: hibernate.properties not found
2018-09-13 11:21:03 INFO  Environment:346 - HHH000021: Bytecode provider name : javassist
2018-09-13 11:21:04 INFO  Configuration:2075 - HHH000043: Configuring from resource: hibernate-annotation.cfg.xml
2018-09-13 11:21:04 INFO  Configuration:2094 - HHH000040: Configuration resource: hibernate-annotation.cfg.xml
2018-09-13 11:21:04 INFO  Configuration:2216 - HHH000041: Configured SessionFactory: null
2018-09-13 11:21:04 WARN  DriverManagerConnectionProviderImpl:93 - HHH000402: Using Hibernate built-in connection pool (not for production use!)
2018-09-13 11:21:04 INFO  DriverManagerConnectionProviderImpl:166 - HHH000401: using driver [org.postgresql.Driver] at URL [jdbc:postgresql://localhost:5432/serviciosya]
2018-09-13 11:21:04 INFO  DriverManagerConnectionProviderImpl:175 - HHH000046: Connection properties: {user=postgres, password=****}
2018-09-13 11:21:04 INFO  DriverManagerConnectionProviderImpl:180 - HHH000006: Autocommit mode: false
2018-09-13 11:21:04 INFO  DriverManagerConnectionProviderImpl:102 - HHH000115: Hibernate connection pool size: 20 (min=1)
2018-09-13 11:21:05 INFO  Dialect:145 - HHH000400: Using dialect: org.hibernate.dialect.PostgreSQL82Dialect
2018-09-13 11:21:05 INFO  LobCreatorBuilder:123 - HHH000424: Disabling contextual LOB creation as createClob() method threw error : java.lang.reflect.InvocationTargetException
2018-09-13 11:21:05 INFO  TransactionFactoryInitiator:62 - HHH000399: Using default transaction strategy (direct JDBC transactions)
2018-09-13 11:21:05 INFO  ASTQueryTranslatorFactory:47 - HHH000397: Using ASTQueryTranslatorFactory
2018-09-13 11:21:38 INFO  Version:66 - HCANN000001: Hibernate Commons Annotations {4.0.5.Final}
2018-09-13 11:21:38 INFO  Version:54 - HHH000412: Hibernate Core {4.3.11.Final}
2018-09-13 11:21:38 INFO  Environment:239 - HHH000206: hibernate.properties not found
2018-09-13 11:21:38 INFO  Environment:346 - HHH000021: Bytecode provider name : javassist
2018-09-13 11:21:38 INFO  Configuration:2075 - HHH000043: Configuring from resource: hibernate-annotation.cfg.xml
2018-09-13 11:21:38 INFO  Configuration:2094 - HHH000040: Configuration resource: hibernate-annotation.cfg.xml
2018-09-13 11:21:38 INFO  Configuration:2216 - HHH000041: Configured SessionFactory: null
2018-09-13 11:21:39 WARN  DriverManagerConnectionProviderImpl:93 - HHH000402: Using Hibernate built-in connection pool (not for production use!)
2018-09-13 11:21:39 INFO  DriverManagerConnectionProviderImpl:166 - HHH000401: using driver [org.postgresql.Driver] at URL [jdbc:postgresql://localhost:5432/serviciosya]
2018-09-13 11:21:39 INFO  DriverManagerConnectionProviderImpl:175 - HHH000046: Connection properties: {user=postgres, password=****}
2018-09-13 11:21:39 INFO  DriverManagerConnectionProviderImpl:180 - HHH000006: Autocommit mode: false
2018-09-13 11:21:39 INFO  DriverManagerConnectionProviderImpl:102 - HHH000115: Hibernate connection pool size: 20 (min=1)
2018-09-13 11:21:39 INFO  Dialect:145 - HHH000400: Using dialect: org.hibernate.dialect.PostgreSQL82Dialect
2018-09-13 11:21:39 INFO  LobCreatorBuilder:123 - HHH000424: Disabling contextual LOB creation as createClob() method threw error : java.lang.reflect.InvocationTargetException
2018-09-13 11:21:40 INFO  TransactionFactoryInitiator:62 - HHH000399: Using default transaction strategy (direct JDBC transactions)
2018-09-13 11:21:40 INFO  ASTQueryTranslatorFactory:47 - HHH000397: Using ASTQueryTranslatorFactory
2018-09-13 11:21:55 INFO  Version:66 - HCANN000001: Hibernate Commons Annotations {4.0.5.Final}
2018-09-13 11:21:55 INFO  Version:54 - HHH000412: Hibernate Core {4.3.11.Final}
2018-09-13 11:21:55 INFO  Environment:239 - HHH000206: hibernate.properties not found
2018-09-13 11:21:55 INFO  Environment:346 - HHH000021: Bytecode provider name : javassist
2018-09-13 11:21:55 INFO  Configuration:2075 - HHH000043: Configuring from resource: hibernate-annotation.cfg.xml
2018-09-13 11:21:55 INFO  Configuration:2094 - HHH000040: Configuration resource: hibernate-annotation.cfg.xml
2018-09-13 11:21:56 INFO  Configuration:2216 - HHH000041: Configured SessionFactory: null
2018-09-13 11:21:56 WARN  DriverManagerConnectionProviderImpl:93 - HHH000402: Using Hibernate built-in connection pool (not for production use!)
2018-09-13 11:21:56 INFO  DriverManagerConnectionProviderImpl:166 - HHH000401: using driver [org.postgresql.Driver] at URL [jdbc:postgresql://localhost:5432/serviciosya]
2018-09-13 11:21:56 INFO  DriverManagerConnectionProviderImpl:175 - HHH000046: Connection properties: {user=postgres, password=****}
2018-09-13 11:21:56 INFO  DriverManagerConnectionProviderImpl:180 - HHH000006: Autocommit mode: false
2018-09-13 11:21:56 INFO  DriverManagerConnectionProviderImpl:102 - HHH000115: Hibernate connection pool size: 20 (min=1)
2018-09-13 11:21:57 INFO  Dialect:145 - HHH000400: Using dialect: org.hibernate.dialect.PostgreSQL82Dialect
2018-09-13 11:21:57 INFO  LobCreatorBuilder:123 - HHH000424: Disabling contextual LOB creation as createClob() method threw error : java.lang.reflect.InvocationTargetException
2018-09-13 11:21:57 INFO  TransactionFactoryInitiator:62 - HHH000399: Using default transaction strategy (direct JDBC transactions)
2018-09-13 11:21:57 INFO  ASTQueryTranslatorFactory:47 - HHH000397: Using ASTQueryTranslatorFactory
2018-09-13 11:21:58 WARN  CountryDaoHibernate:186 - Country by id 4 not found!
2018-09-13 11:22:34 INFO  Version:66 - HCANN000001: Hibernate Commons Annotations {4.0.5.Final}
2018-09-13 11:22:34 INFO  Version:54 - HHH000412: Hibernate Core {4.3.11.Final}
2018-09-13 11:22:34 INFO  Environment:239 - HHH000206: hibernate.properties not found
2018-09-13 11:22:34 INFO  Environment:346 - HHH000021: Bytecode provider name : javassist
2018-09-13 11:22:34 INFO  Configuration:2075 - HHH000043: Configuring from resource: hibernate-annotation.cfg.xml
2018-09-13 11:22:34 INFO  Configuration:2094 - HHH000040: Configuration resource: hibernate-annotation.cfg.xml
2018-09-13 11:22:35 INFO  Configuration:2216 - HHH000041: Configured SessionFactory: null
2018-09-13 11:22:35 WARN  DriverManagerConnectionProviderImpl:93 - HHH000402: Using Hibernate built-in connection pool (not for production use!)
2018-09-13 11:22:35 INFO  DriverManagerConnectionProviderImpl:166 - HHH000401: using driver [org.postgresql.Driver] at URL [jdbc:postgresql://localhost:5432/serviciosya]
2018-09-13 11:22:35 INFO  DriverManagerConnectionProviderImpl:175 - HHH000046: Connection properties: {user=postgres, password=****}
2018-09-13 11:22:35 INFO  DriverManagerConnectionProviderImpl:180 - HHH000006: Autocommit mode: false
2018-09-13 11:22:35 INFO  DriverManagerConnectionProviderImpl:102 - HHH000115: Hibernate connection pool size: 20 (min=1)
2018-09-13 11:22:36 INFO  Dialect:145 - HHH000400: Using dialect: org.hibernate.dialect.PostgreSQL82Dialect
2018-09-13 11:22:36 INFO  LobCreatorBuilder:123 - HHH000424: Disabling contextual LOB creation as createClob() method threw error : java.lang.reflect.InvocationTargetException
2018-09-13 11:22:37 INFO  TransactionFactoryInitiator:62 - HHH000399: Using default transaction strategy (direct JDBC transactions)
2018-09-13 11:22:37 INFO  ASTQueryTranslatorFactory:47 - HHH000397: Using ASTQueryTranslatorFactory
2018-09-13 11:23:21 INFO  Version:66 - HCANN000001: Hibernate Commons Annotations {4.0.5.Final}
2018-09-13 11:23:21 INFO  Version:54 - HHH000412: Hibernate Core {4.3.11.Final}
2018-09-13 11:23:21 INFO  Environment:239 - HHH000206: hibernate.properties not found
2018-09-13 11:23:21 INFO  Environment:346 - HHH000021: Bytecode provider name : javassist
2018-09-13 11:23:21 INFO  Configuration:2075 - HHH000043: Configuring from resource: hibernate-annotation.cfg.xml
2018-09-13 11:23:21 INFO  Configuration:2094 - HHH000040: Configuration resource: hibernate-annotation.cfg.xml
2018-09-13 11:23:22 INFO  Configuration:2216 - HHH000041: Configured SessionFactory: null
2018-09-13 11:23:22 WARN  DriverManagerConnectionProviderImpl:93 - HHH000402: Using Hibernate built-in connection pool (not for production use!)
2018-09-13 11:23:22 INFO  DriverManagerConnectionProviderImpl:166 - HHH000401: using driver [org.postgresql.Driver] at URL [jdbc:postgresql://localhost:5432/serviciosya]
2018-09-13 11:23:22 INFO  DriverManagerConnectionProviderImpl:175 - HHH000046: Connection properties: {user=postgres, password=****}
2018-09-13 11:23:22 INFO  DriverManagerConnectionProviderImpl:180 - HHH000006: Autocommit mode: false
2018-09-13 11:23:22 INFO  DriverManagerConnectionProviderImpl:102 - HHH000115: Hibernate connection pool size: 20 (min=1)
2018-09-13 11:23:23 INFO  Dialect:145 - HHH000400: Using dialect: org.hibernate.dialect.PostgreSQL82Dialect
2018-09-13 11:23:23 INFO  LobCreatorBuilder:123 - HHH000424: Disabling contextual LOB creation as createClob() method threw error : java.lang.reflect.InvocationTargetException
2018-09-13 11:23:23 INFO  TransactionFactoryInitiator:62 - HHH000399: Using default transaction strategy (direct JDBC transactions)
2018-09-13 11:23:23 INFO  ASTQueryTranslatorFactory:47 - HHH000397: Using ASTQueryTranslatorFactory
2018-09-13 11:27:51 INFO  Version:66 - HCANN000001: Hibernate Commons Annotations {4.0.5.Final}
2018-09-13 11:27:51 INFO  Version:54 - HHH000412: Hibernate Core {4.3.11.Final}
2018-09-13 11:27:51 INFO  Environment:239 - HHH000206: hibernate.properties not found
2018-09-13 11:27:51 INFO  Environment:346 - HHH000021: Bytecode provider name : javassist
2018-09-13 11:27:51 INFO  Configuration:2075 - HHH000043: Configuring from resource: hibernate-annotation.cfg.xml
2018-09-13 11:27:51 INFO  Configuration:2094 - HHH000040: Configuration resource: hibernate-annotation.cfg.xml
2018-09-13 11:27:52 INFO  Configuration:2216 - HHH000041: Configured SessionFactory: null
2018-09-13 11:27:52 WARN  DriverManagerConnectionProviderImpl:93 - HHH000402: Using Hibernate built-in connection pool (not for production use!)
2018-09-13 11:27:52 INFO  DriverManagerConnectionProviderImpl:166 - HHH000401: using driver [org.postgresql.Driver] at URL [jdbc:postgresql://localhost:5432/serviciosya]
2018-09-13 11:27:52 INFO  DriverManagerConnectionProviderImpl:175 - HHH000046: Connection properties: {user=postgres, password=****}
2018-09-13 11:27:52 INFO  DriverManagerConnectionProviderImpl:180 - HHH000006: Autocommit mode: false
2018-09-13 11:27:52 INFO  DriverManagerConnectionProviderImpl:102 - HHH000115: Hibernate connection pool size: 20 (min=1)
2018-09-13 11:27:53 INFO  Dialect:145 - HHH000400: Using dialect: org.hibernate.dialect.PostgreSQL82Dialect
2018-09-13 11:27:53 INFO  LobCreatorBuilder:123 - HHH000424: Disabling contextual LOB creation as createClob() method threw error : java.lang.reflect.InvocationTargetException
2018-09-13 11:27:54 INFO  TransactionFactoryInitiator:62 - HHH000399: Using default transaction strategy (direct JDBC transactions)
2018-09-13 11:27:54 INFO  ASTQueryTranslatorFactory:47 - HHH000397: Using ASTQueryTranslatorFactory
2018-09-13 11:28:04 INFO  Version:66 - HCANN000001: Hibernate Commons Annotations {4.0.5.Final}
2018-09-13 11:28:04 INFO  Version:54 - HHH000412: Hibernate Core {4.3.11.Final}
2018-09-13 11:28:04 INFO  Environment:239 - HHH000206: hibernate.properties not found
2018-09-13 11:28:04 INFO  Environment:346 - HHH000021: Bytecode provider name : javassist
2018-09-13 11:28:04 INFO  Configuration:2075 - HHH000043: Configuring from resource: hibernate-annotation.cfg.xml
2018-09-13 11:28:04 INFO  Configuration:2094 - HHH000040: Configuration resource: hibernate-annotation.cfg.xml
2018-09-13 11:28:04 INFO  Configuration:2216 - HHH000041: Configured SessionFactory: null
2018-09-13 11:28:05 WARN  DriverManagerConnectionProviderImpl:93 - HHH000402: Using Hibernate built-in connection pool (not for production use!)
2018-09-13 11:28:05 INFO  DriverManagerConnectionProviderImpl:166 - HHH000401: using driver [org.postgresql.Driver] at URL [jdbc:postgresql://localhost:5432/serviciosya]
2018-09-13 11:28:05 INFO  DriverManagerConnectionProviderImpl:175 - HHH000046: Connection properties: {user=postgres, password=****}
2018-09-13 11:28:05 INFO  DriverManagerConnectionProviderImpl:180 - HHH000006: Autocommit mode: false
2018-09-13 11:28:05 INFO  DriverManagerConnectionProviderImpl:102 - HHH000115: Hibernate connection pool size: 20 (min=1)
2018-09-13 11:28:05 INFO  Dialect:145 - HHH000400: Using dialect: org.hibernate.dialect.PostgreSQL82Dialect
2018-09-13 11:28:05 INFO  LobCreatorBuilder:123 - HHH000424: Disabling contextual LOB creation as createClob() method threw error : java.lang.reflect.InvocationTargetException
2018-09-13 11:28:06 INFO  TransactionFactoryInitiator:62 - HHH000399: Using default transaction strategy (direct JDBC transactions)
2018-09-13 11:28:06 INFO  ASTQueryTranslatorFactory:47 - HHH000397: Using ASTQueryTranslatorFactory
2018-09-13 11:29:37 INFO  Version:66 - HCANN000001: Hibernate Commons Annotations {4.0.5.Final}
2018-09-13 11:29:37 INFO  Version:54 - HHH000412: Hibernate Core {4.3.11.Final}
2018-09-13 11:29:37 INFO  Environment:239 - HHH000206: hibernate.properties not found
2018-09-13 11:29:37 INFO  Environment:346 - HHH000021: Bytecode provider name : javassist
2018-09-13 11:29:37 INFO  Configuration:2075 - HHH000043: Configuring from resource: hibernate-annotation.cfg.xml
2018-09-13 11:29:37 INFO  Configuration:2094 - HHH000040: Configuration resource: hibernate-annotation.cfg.xml
2018-09-13 11:29:38 INFO  Configuration:2216 - HHH000041: Configured SessionFactory: null
2018-09-13 11:29:38 WARN  DriverManagerConnectionProviderImpl:93 - HHH000402: Using Hibernate built-in connection pool (not for production use!)
2018-09-13 11:29:38 INFO  DriverManagerConnectionProviderImpl:166 - HHH000401: using driver [org.postgresql.Driver] at URL [jdbc:postgresql://localhost:5432/serviciosya]
2018-09-13 11:29:38 INFO  DriverManagerConnectionProviderImpl:175 - HHH000046: Connection properties: {user=postgres, password=****}
2018-09-13 11:29:38 INFO  DriverManagerConnectionProviderImpl:180 - HHH000006: Autocommit mode: false
2018-09-13 11:29:38 INFO  DriverManagerConnectionProviderImpl:102 - HHH000115: Hibernate connection pool size: 20 (min=1)
2018-09-13 11:29:39 INFO  Dialect:145 - HHH000400: Using dialect: org.hibernate.dialect.PostgreSQL82Dialect
2018-09-13 11:29:39 INFO  LobCreatorBuilder:123 - HHH000424: Disabling contextual LOB creation as createClob() method threw error : java.lang.reflect.InvocationTargetException
2018-09-13 11:29:39 INFO  TransactionFactoryInitiator:62 - HHH000399: Using default transaction strategy (direct JDBC transactions)
2018-09-13 11:29:39 INFO  ASTQueryTranslatorFactory:47 - HHH000397: Using ASTQueryTranslatorFactory
2018-09-13 11:30:03 INFO  Version:66 - HCANN000001: Hibernate Commons Annotations {4.0.5.Final}
2018-09-13 11:30:03 INFO  Version:54 - HHH000412: Hibernate Core {4.3.11.Final}
2018-09-13 11:30:03 INFO  Environment:239 - HHH000206: hibernate.properties not found
2018-09-13 11:30:03 INFO  Environment:346 - HHH000021: Bytecode provider name : javassist
2018-09-13 11:30:03 INFO  Configuration:2075 - HHH000043: Configuring from resource: hibernate-annotation.cfg.xml
2018-09-13 11:30:03 INFO  Configuration:2094 - HHH000040: Configuration resource: hibernate-annotation.cfg.xml
2018-09-13 11:30:03 INFO  Configuration:2216 - HHH000041: Configured SessionFactory: null
2018-09-13 11:30:04 WARN  DriverManagerConnectionProviderImpl:93 - HHH000402: Using Hibernate built-in connection pool (not for production use!)
2018-09-13 11:30:04 INFO  DriverManagerConnectionProviderImpl:166 - HHH000401: using driver [org.postgresql.Driver] at URL [jdbc:postgresql://localhost:5432/serviciosya]
2018-09-13 11:30:04 INFO  DriverManagerConnectionProviderImpl:175 - HHH000046: Connection properties: {user=postgres, password=****}
2018-09-13 11:30:04 INFO  DriverManagerConnectionProviderImpl:180 - HHH000006: Autocommit mode: false
2018-09-13 11:30:04 INFO  DriverManagerConnectionProviderImpl:102 - HHH000115: Hibernate connection pool size: 20 (min=1)
2018-09-13 11:30:04 INFO  Dialect:145 - HHH000400: Using dialect: org.hibernate.dialect.PostgreSQL82Dialect
2018-09-13 11:30:04 INFO  LobCreatorBuilder:123 - HHH000424: Disabling contextual LOB creation as createClob() method threw error : java.lang.reflect.InvocationTargetException
2018-09-13 11:30:05 INFO  TransactionFactoryInitiator:62 - HHH000399: Using default transaction strategy (direct JDBC transactions)
2018-09-13 11:30:05 INFO  ASTQueryTranslatorFactory:47 - HHH000397: Using ASTQueryTranslatorFactory
2018-09-13 11:30:15 INFO  Version:66 - HCANN000001: Hibernate Commons Annotations {4.0.5.Final}
2018-09-13 11:30:15 INFO  Version:54 - HHH000412: Hibernate Core {4.3.11.Final}
2018-09-13 11:30:15 INFO  Environment:239 - HHH000206: hibernate.properties not found
2018-09-13 11:30:15 INFO  Environment:346 - HHH000021: Bytecode provider name : javassist
2018-09-13 11:30:15 INFO  Configuration:2075 - HHH000043: Configuring from resource: hibernate-annotation.cfg.xml
2018-09-13 11:30:15 INFO  Configuration:2094 - HHH000040: Configuration resource: hibernate-annotation.cfg.xml
2018-09-13 11:30:15 INFO  Configuration:2216 - HHH000041: Configured SessionFactory: null
2018-09-13 11:30:15 WARN  DriverManagerConnectionProviderImpl:93 - HHH000402: Using Hibernate built-in connection pool (not for production use!)
2018-09-13 11:30:15 INFO  DriverManagerConnectionProviderImpl:166 - HHH000401: using driver [org.postgresql.Driver] at URL [jdbc:postgresql://localhost:5432/serviciosya]
2018-09-13 11:30:15 INFO  DriverManagerConnectionProviderImpl:175 - HHH000046: Connection properties: {user=postgres, password=****}
2018-09-13 11:30:15 INFO  DriverManagerConnectionProviderImpl:180 - HHH000006: Autocommit mode: false
2018-09-13 11:30:15 INFO  DriverManagerConnectionProviderImpl:102 - HHH000115: Hibernate connection pool size: 20 (min=1)
2018-09-13 11:30:16 INFO  Dialect:145 - HHH000400: Using dialect: org.hibernate.dialect.PostgreSQL82Dialect
2018-09-13 11:30:16 INFO  LobCreatorBuilder:123 - HHH000424: Disabling contextual LOB creation as createClob() method threw error : java.lang.reflect.InvocationTargetException
2018-09-13 11:30:16 INFO  TransactionFactoryInitiator:62 - HHH000399: Using default transaction strategy (direct JDBC transactions)
2018-09-13 11:30:17 INFO  ASTQueryTranslatorFactory:47 - HHH000397: Using ASTQueryTranslatorFactory
2018-09-13 11:30:18 WARN  CountryDaoHibernate:121 - Country by id 4 not found!
2018-09-13 11:30:18 WARN  CountryDaoHibernate:186 - Country by id 4 not found!
2018-09-13 11:30:26 INFO  Version:66 - HCANN000001: Hibernate Commons Annotations {4.0.5.Final}
2018-09-13 11:30:26 INFO  Version:54 - HHH000412: Hibernate Core {4.3.11.Final}
2018-09-13 11:30:26 INFO  Environment:239 - HHH000206: hibernate.properties not found
2018-09-13 11:30:26 INFO  Environment:346 - HHH000021: Bytecode provider name : javassist
2018-09-13 11:30:26 INFO  Configuration:2075 - HHH000043: Configuring from resource: hibernate-annotation.cfg.xml
2018-09-13 11:30:26 INFO  Configuration:2094 - HHH000040: Configuration resource: hibernate-annotation.cfg.xml
2018-09-13 11:30:26 INFO  Configuration:2216 - HHH000041: Configured SessionFactory: null
2018-09-13 11:30:27 WARN  DriverManagerConnectionProviderImpl:93 - HHH000402: Using Hibernate built-in connection pool (not for production use!)
2018-09-13 11:30:27 INFO  DriverManagerConnectionProviderImpl:166 - HHH000401: using driver [org.postgresql.Driver] at URL [jdbc:postgresql://localhost:5432/serviciosya]
2018-09-13 11:30:27 INFO  DriverManagerConnectionProviderImpl:175 - HHH000046: Connection properties: {user=postgres, password=****}
2018-09-13 11:30:27 INFO  DriverManagerConnectionProviderImpl:180 - HHH000006: Autocommit mode: false
2018-09-13 11:30:27 INFO  DriverManagerConnectionProviderImpl:102 - HHH000115: Hibernate connection pool size: 20 (min=1)
2018-09-13 11:30:27 INFO  Dialect:145 - HHH000400: Using dialect: org.hibernate.dialect.PostgreSQL82Dialect
2018-09-13 11:30:27 INFO  LobCreatorBuilder:123 - HHH000424: Disabling contextual LOB creation as createClob() method threw error : java.lang.reflect.InvocationTargetException
2018-09-13 11:30:28 INFO  TransactionFactoryInitiator:62 - HHH000399: Using default transaction strategy (direct JDBC transactions)
2018-09-13 11:30:28 INFO  ASTQueryTranslatorFactory:47 - HHH000397: Using ASTQueryTranslatorFactory
